<?xml version="1.0" encoding="UTF-8"?>
<testsuite name="com.example.android.kotlincoroutines.main.MainViewModelTest" tests="1" skipped="0" failures="0" errors="0" timestamp="2022-04-04T03:49:51" hostname="SDB-PC-23" time="0.114">
  <properties/>
  <testcase name="whenMainClicked_updatesTaps" classname="com.example.android.kotlincoroutines.main.MainViewModelTest" time="0.114"/>
  <system-out><![CDATA[]]></system-out>
  <system-err><![CDATA[]]></system-err>
</testsuite>
